<?xml version="1.0" encoding="UTF-8"?>
<!-- Generated by org.testng.reporters.JUnitReportReporter -->
<testsuite skipped="0" hostname="MohithS" name="com.projectExecution.IntiateBrowser_Test" tests="1" failures="0" timestamp="13 Jun 2019 06:10:10 GMT" time="0.005" errors="0">
  <testcase name="f" time="0.005" classname="com.projectExecution.IntiateBrowser_Test"/>
</testsuite> <!-- com.projectExecution.IntiateBrowser_Test -->
