<?xml version="1.0" encoding="UTF-8"?>
<!-- Generated by org.testng.reporters.JUnitReportReporter -->
<testsuite skipped="0" hostname="MohithS" name="com.projectExecution.LoginCapsuleCrm" tests="2" failures="0" timestamp="29 May 2019 06:34:35 GMT" time="26.176" errors="0">
  <testcase name="login" time="9.091" classname="com.projectExecution.LoginCapsuleCrm"/>
  <testcase name="addPerson" time="17.085" classname="com.projectExecution.LoginCapsuleCrm"/>
</testsuite> <!-- com.projectExecution.LoginCapsuleCrm -->
